# JRE version: OpenJDK Runtime Environment JBR-17.0.14+1-1367.22-nomod (17.0.14+1) (build 17.0.14+1-b1367.22)
# Java VM: OpenJDK 64-Bit Server VM JBR-17.0.14+1-1367.22-nomod (17.0.14+1-b1367.22, mixed mode, emulated-client, sharing, tiered, compressed oops, compressed class ptrs, g1 gc, windows-amd64)
GC Precious Log:
 CPUs: 8 total, 8 available
 Memory: 16126M
 Large Page Support: Disabled
 NUMA Support: Disabled
 Compressed Oops: Enabled (Zero based)
 Heap Region Size: 2M
 Heap Min Capacity: 8M
 Heap Initial Capacity: 252M
 Heap Max Capacity: 4032M
 Pre-touch: Disabled
 Parallel Workers: 8
 Concurrent Workers: 2
 Concurrent Refinement Workers: 8
 Periodic GC: Disabled
Heap:
 garbage-first heap   total 116736K, used 46411K [0x0000000704000000, 0x0000000800000000)
  region size 2048K, 7 young (14336K), 1 survivors (2048K)
 Metaspace       used 75898K, committed 76480K, reserved 1114112K
  class space    used 11200K, committed 11456K, reserved 1048576K
GC Heap History (20 events):
Event: 2.936 GC heap before
{Heap before GC invocations=6 (full 0):
 garbage-first heap   total 69632K, used 19772K [0x0000000704000000, 0x0000000800000000)
  region size 2048K, 6 young (12288K), 5 survivors (10240K)
 Metaspace       used 24595K, committed 24960K, reserved 1114112K
  class space    used 3358K, committed 3520K, reserved 1048576K
}
Event: 2.945 GC heap after
{Heap after GC invocations=7 (full 0):
 garbage-first heap   total 69632K, used 18492K [0x0000000704000000, 0x0000000800000000)
  region size 2048K, 1 young (2048K), 1 survivors (2048K)
 Metaspace       used 24595K, committed 24960K, reserved 1114112K
  class space    used 3358K, committed 3520K, reserved 1048576K
}
Event: 3.255 GC heap before
{Heap before GC invocations=7 (full 0):
 garbage-first heap   total 69632K, used 45116K [0x0000000704000000, 0x0000000800000000)
  region size 2048K, 14 young (28672K), 1 survivors (2048K)
 Metaspace       used 28094K, committed 28480K, reserved 1114112K
  class space    used 4018K, committed 4224K, reserved 1048576K
}
Event: 3.259 GC heap after
{Heap after GC invocations=8 (full 0):
 garbage-first heap   total 139264K, used 19063K [0x0000000704000000, 0x0000000800000000)
  region size 2048K, 1 young (2048K), 1 survivors (2048K)
 Metaspace       used 28094K, committed 28480K, reserved 1114112K
  class space    used 4018K, committed 4224K, reserved 1048576K
}
Event: 3.844 GC heap before
{Heap before GC invocations=8 (full 0):
 garbage-first heap   total 139264K, used 66167K [0x0000000704000000, 0x0000000800000000)
  region size 2048K, 25 young (51200K), 1 survivors (2048K)
 Metaspace       used 35503K, committed 35968K, reserved 1114112K
  class space    used 5110K, committed 5376K, reserved 1048576K
}
Event: 3.849 GC heap after
{Heap after GC invocations=9 (full 0):
 garbage-first heap   total 139264K, used 22292K [0x0000000704000000, 0x0000000800000000)
  region size 2048K, 3 young (6144K), 3 survivors (6144K)
 Metaspace       used 35503K, committed 35968K, reserved 1114112K
  class space    used 5110K, committed 5376K, reserved 1048576K
}
Event: 4.496 GC heap before
{Heap before GC invocations=10 (full 0):
 garbage-first heap   total 90112K, used 69396K [0x0000000704000000, 0x0000000800000000)
  region size 2048K, 26 young (53248K), 3 survivors (6144K)
 Metaspace       used 46577K, committed 47040K, reserved 1114112K
  class space    used 6689K, committed 6912K, reserved 1048576K
}
Event: 4.502 GC heap after
{Heap after GC invocations=11 (full 0):
 garbage-first heap   total 90112K, used 25673K [0x0000000704000000, 0x0000000800000000)
  region size 2048K, 4 young (8192K), 4 survivors (8192K)
 Metaspace       used 46577K, committed 47040K, reserved 1114112K
  class space    used 6689K, committed 6912K, reserved 1048576K
}
Event: 4.539 GC heap before
{Heap before GC invocations=11 (full 0):
 garbage-first heap   total 90112K, used 27721K [0x0000000704000000, 0x0000000800000000)
  region size 2048K, 5 young (10240K), 4 survivors (8192K)
 Metaspace       used 46954K, committed 47424K, reserved 1114112K
  class space    used 6757K, committed 6976K, reserved 1048576K
}
Event: 4.544 GC heap after
{Heap after GC invocations=12 (full 0):
 garbage-first heap   total 90112K, used 26506K [0x0000000704000000, 0x0000000800000000)
  region size 2048K, 1 young (2048K), 1 survivors (2048K)
 Metaspace       used 46954K, committed 47424K, reserved 1114112K
  class space    used 6757K, committed 6976K, reserved 1048576K
}
Event: 5.207 GC heap before
{Heap before GC invocations=12 (full 0):
 garbage-first heap   total 90112K, used 65418K [0x0000000704000000, 0x0000000800000000)
  region size 2048K, 20 young (40960K), 1 survivors (2048K)
 Metaspace       used 56727K, committed 57344K, reserved 1114112K
  class space    used 8388K, committed 8704K, reserved 1048576K
}
Event: 5.209 GC heap after
{Heap after GC invocations=13 (full 0):
 garbage-first heap   total 90112K, used 26923K [0x0000000704000000, 0x0000000800000000)
  region size 2048K, 1 young (2048K), 1 survivors (2048K)
 Metaspace       used 56727K, committed 57344K, reserved 1114112K
  class space    used 8388K, committed 8704K, reserved 1048576K
}
Event: 5.446 GC heap before
{Heap before GC invocations=13 (full 0):
 garbage-first heap   total 90112K, used 45355K [0x0000000704000000, 0x0000000800000000)
  region size 2048K, 11 young (22528K), 1 survivors (2048K)
 Metaspace       used 59860K, committed 60416K, reserved 1114112K
  class space    used 8791K, committed 9088K, reserved 1048576K
}
Event: 5.450 GC heap after
{Heap after GC invocations=14 (full 0):
 garbage-first heap   total 90112K, used 28505K [0x0000000704000000, 0x0000000800000000)
  region size 2048K, 2 young (4096K), 2 survivors (4096K)
 Metaspace       used 59860K, committed 60416K, reserved 1114112K
  class space    used 8791K, committed 9088K, reserved 1048576K
}
Event: 5.895 GC heap before
{Heap before GC invocations=15 (full 0):
 garbage-first heap   total 90112K, used 67417K [0x0000000704000000, 0x0000000800000000)
  region size 2048K, 21 young (43008K), 2 survivors (4096K)
 Metaspace       used 63654K, committed 64192K, reserved 1114112K
  class space    used 9399K, committed 9664K, reserved 1048576K
}
Event: 5.900 GC heap after
{Heap after GC invocations=16 (full 0):
 garbage-first heap   total 141312K, used 31443K [0x0000000704000000, 0x0000000800000000)
  region size 2048K, 3 young (6144K), 3 survivors (6144K)
 Metaspace       used 63654K, committed 64192K, reserved 1114112K
  class space    used 9399K, committed 9664K, reserved 1048576K
}
Event: 9.352 GC heap before
{Heap before GC invocations=17 (full 0):
 garbage-first heap   total 116736K, used 94931K [0x0000000704000000, 0x0000000800000000)
  region size 2048K, 34 young (69632K), 3 survivors (6144K)
 Metaspace       used 72858K, committed 73472K, reserved 1114112K
  class space    used 10761K, committed 11072K, reserved 1048576K
}
Event: 9.361 GC heap after
{Heap after GC invocations=18 (full 0):
 garbage-first heap   total 116736K, used 36974K [0x0000000704000000, 0x0000000800000000)
  region size 2048K, 5 young (10240K), 5 survivors (10240K)
 Metaspace       used 72858K, committed 73472K, reserved 1114112K
  class space    used 10761K, committed 11072K, reserved 1048576K
}
Event: 9.385 GC heap before
{Heap before GC invocations=18 (full 0):
 garbage-first heap   total 116736K, used 39022K [0x0000000704000000, 0x0000000800000000)
  region size 2048K, 6 young (12288K), 5 survivors (10240K)
 Metaspace       used 73326K, committed 73920K, reserved 1114112K
  class space    used 10819K, committed 11072K, reserved 1048576K
}
Event: 9.391 GC heap after
{Heap after GC invocations=19 (full 0):
 garbage-first heap   total 116736K, used 38219K [0x0000000704000000, 0x0000000800000000)
  region size 2048K, 1 young (2048K), 1 survivors (2048K)
 Metaspace       used 73326K, committed 73920K, reserved 1114112K
  class space    used 10819K, committed 11072K, reserved 1048576K
}

